<?xml version="1.0" encoding="UTF-8"?>
<!-- Generated by org.testng.reporters.JUnitXMLReporter -->
<testsuite ignored="0" hostname="Raghu" failures="0" tests="12" name="Accounts Page Test" time="1.093" errors="0" timestamp="2023-04-26T16:15:24 BST">
  <testcase classname="com.qa.TestLayer.BaseTest" name="@BeforeClass SetUp" time="0.945">
    <failure type="java.lang.NoClassDefFoundError" message="org/openqa/selenium/virtualauthenticator/HasVirtualAuthenticator">
      <![CDATA[java.lang.NoClassDefFoundError: org/openqa/selenium/virtualauthenticator/HasVirtualAuthenticator
at java.base/java.lang.ClassLoader.defineClass1(Native Method)
at java.base/java.lang.ClassLoader.defineClass(ClassLoader.java:1012)
at java.base/java.security.SecureClassLoader.defineClass(SecureClassLoader.java:150)
at java.base/jdk.internal.loader.BuiltinClassLoader.defineClass(BuiltinClassLoader.java:862)
at java.base/jdk.internal.loader.BuiltinClassLoader.findClassOnClassPathOrNull(BuiltinClassLoader.java:760)
at java.base/jdk.internal.loader.BuiltinClassLoader.loadClassOrNull(BuiltinClassLoader.java:681)
at java.base/jdk.internal.loader.BuiltinClassLoader.loadClass(BuiltinClassLoader.java:639)
at java.base/jdk.internal.loader.ClassLoaders$AppClassLoader.loadClass(ClassLoaders.java:188)
at java.base/java.lang.ClassLoader.loadClass(ClassLoader.java:520)
at java.base/java.lang.ClassLoader.defineClass1(Native Method)
at java.base/java.lang.ClassLoader.defineClass(ClassLoader.java:1012)
at java.base/java.security.SecureClassLoader.defineClass(SecureClassLoader.java:150)
at java.base/jdk.internal.loader.BuiltinClassLoader.defineClass(BuiltinClassLoader.java:862)
at java.base/jdk.internal.loader.BuiltinClassLoader.findClassOnClassPathOrNull(BuiltinClassLoader.java:760)
at java.base/jdk.internal.loader.BuiltinClassLoader.loadClassOrNull(BuiltinClassLoader.java:681)
at java.base/jdk.internal.loader.BuiltinClassLoader.loadClass(BuiltinClassLoader.java:639)
at java.base/jdk.internal.loader.ClassLoaders$AppClassLoader.loadClass(ClassLoaders.java:188)
at java.base/java.lang.ClassLoader.loadClass(ClassLoader.java:520)
at com.qa.DriverFactory.DriverFactory.Init_driver(DriverFactory.java:36)
at com.qa.TestLayer.BaseTest.SetUp(BaseTest.java:30)
at java.base/java.util.ArrayList.forEach(ArrayList.java:1511)
at java.base/java.util.concurrent.FutureTask.run(FutureTask.java:264)
at java.base/java.util.concurrent.ThreadPoolExecutor.runWorker(ThreadPoolExecutor.java:1136)
at java.base/java.util.concurrent.ThreadPoolExecutor$Worker.run(ThreadPoolExecutor.java:635)
at java.base/java.lang.Thread.run(Thread.java:833)
Caused by: java.lang.ClassNotFoundException: org.openqa.selenium.virtualauthenticator.HasVirtualAuthenticator
at java.base/jdk.internal.loader.BuiltinClassLoader.loadClass(BuiltinClassLoader.java:641)
at java.base/jdk.internal.loader.ClassLoaders$AppClassLoader.loadClass(ClassLoaders.java:188)
at java.base/java.lang.ClassLoader.loadClass(ClassLoader.java:520)
... 41 more
... Removed 16 stack frames]]>
    </failure>
  </testcase> <!-- @BeforeClass SetUp -->
  <testcase classname="com.qa.TestLayer.AccountPageTest" name="@BeforeClass AccountSetUp" time="-1.682522123948E9">
    <skipped/>
  </testcase> <!-- @BeforeClass AccountSetUp -->
  <testcase classname="com.qa.TestLayer.BaseTest" name="@AfterClass tearDown" time="-1.682522124041E9">
    <skipped/>
  </testcase> <!-- @AfterClass tearDown -->
  <testcase classname="com.qa.TestLayer.AccountPageTest" name="verifyAccountPageTitle" time="0.0">
    <skipped/>
  </testcase> <!-- verifyAccountPageTitle -->
  <testcase classname="com.qa.TestLayer.AccountPageTest" name="verifyAccountsectionList" time="0.0">
    <skipped/>
  </testcase> <!-- verifyAccountsectionList -->
  <testcase classname="com.qa.TestLayer.AccountPageTest" name="verifyAccountsearchbar" time="0.0">
    <skipped/>
  </testcase> <!-- verifyAccountsearchbar -->
  <testcase classname="com.qa.TestLayer.AccountPageTest" name="verifyAccountsearchIconExist" time="0.0">
    <skipped/>
  </testcase> <!-- verifyAccountsearchIconExist -->
  <testcase classname="com.qa.TestLayer.AccountPageTest" name="verifyAccountRighthandsideList" time="0.0">
    <skipped/>
  </testcase> <!-- verifyAccountRighthandsideList -->
  <testcase classname="com.qa.TestLayer.AccountPageTest" name="verifyAccountBarList" time="0.0">
    <skipped/>
  </testcase> <!-- verifyAccountBarList -->
  <testcase classname="com.qa.TestLayer.AccountPageTest" name="searchTest" time="0.0">
    <skipped/>
  </testcase> <!-- searchTest -->
  <testcase classname="com.qa.TestLayer.AccountPageTest" name="searchTest" time="0.0">
    <skipped/>
  </testcase> <!-- searchTest -->
  <testcase classname="com.qa.TestLayer.AccountPageTest" name="searchTest" time="0.0">
    <skipped/>
  </testcase> <!-- searchTest -->
  <testcase classname="com.qa.TestLayer.AccountPageTest" name="productresult" time="0.0">
    <skipped/>
  </testcase> <!-- productresult -->
  <testcase classname="com.qa.TestLayer.AccountPageTest" name="productresult" time="0.0">
    <skipped/>
  </testcase> <!-- productresult -->
  <testcase classname="com.qa.TestLayer.AccountPageTest" name="productresult" time="0.0">
    <skipped/>
  </testcase> <!-- productresult -->
</testsuite> <!-- Accounts Page Test -->
