<?xml version="1.0" encoding="UTF-8"?>
<!-- Generated by org.testng.reporters.JUnitReportReporter -->
<testsuite hostname="Raghu" failures="0" tests="13" name="com.qa.TestLayer.AccountPageTest" time="0.945" errors="1" timestamp="2023-04-26T16:15:24 BST" skipped="12">
  <testcase classname="com.qa.TestLayer.AccountPageTest" name="SetUp" time="0.945">
    <error message="org/openqa/selenium/virtualauthenticator/HasVirtualAuthenticator" type="java.lang.NoClassDefFoundError">
      <![CDATA[java.lang.NoClassDefFoundError: org/openqa/selenium/virtualauthenticator/HasVirtualAuthenticator
at java.base/java.lang.ClassLoader.defineClass1(Native Method)
at java.base/java.lang.ClassLoader.defineClass(ClassLoader.java:1012)
at java.base/java.security.SecureClassLoader.defineClass(SecureClassLoader.java:150)
at java.base/jdk.internal.loader.BuiltinClassLoader.defineClass(BuiltinClassLoader.java:862)
at java.base/jdk.internal.loader.BuiltinClassLoader.findClassOnClassPathOrNull(BuiltinClassLoader.java:760)
at java.base/jdk.internal.loader.BuiltinClassLoader.loadClassOrNull(BuiltinClassLoader.java:681)
at java.base/jdk.internal.loader.BuiltinClassLoader.loadClass(BuiltinClassLoader.java:639)
at java.base/jdk.internal.loader.ClassLoaders$AppClassLoader.loadClass(ClassLoaders.java:188)
at java.base/java.lang.ClassLoader.loadClass(ClassLoader.java:520)
at java.base/java.lang.ClassLoader.defineClass1(Native Method)
at java.base/java.lang.ClassLoader.defineClass(ClassLoader.java:1012)
at java.base/java.security.SecureClassLoader.defineClass(SecureClassLoader.java:150)
at java.base/jdk.internal.loader.BuiltinClassLoader.defineClass(BuiltinClassLoader.java:862)
at java.base/jdk.internal.loader.BuiltinClassLoader.findClassOnClassPathOrNull(BuiltinClassLoader.java:760)
at java.base/jdk.internal.loader.BuiltinClassLoader.loadClassOrNull(BuiltinClassLoader.java:681)
at java.base/jdk.internal.loader.BuiltinClassLoader.loadClass(BuiltinClassLoader.java:639)
at java.base/jdk.internal.loader.ClassLoaders$AppClassLoader.loadClass(ClassLoaders.java:188)
at java.base/java.lang.ClassLoader.loadClass(ClassLoader.java:520)
at com.qa.DriverFactory.DriverFactory.Init_driver(DriverFactory.java:36)
at com.qa.TestLayer.BaseTest.SetUp(BaseTest.java:30)
at java.base/jdk.internal.reflect.NativeMethodAccessorImpl.invoke0(Native Method)
at java.base/jdk.internal.reflect.NativeMethodAccessorImpl.invoke(NativeMethodAccessorImpl.java:77)
at java.base/jdk.internal.reflect.DelegatingMethodAccessorImpl.invoke(DelegatingMethodAccessorImpl.java:43)
at java.base/java.lang.reflect.Method.invoke(Method.java:568)
at org.testng.internal.MethodInvocationHelper.invokeMethod(MethodInvocationHelper.java:133)
at org.testng.internal.MethodInvocationHelper.invokeMethodConsideringTimeout(MethodInvocationHelper.java:62)
at org.testng.internal.ConfigInvoker.invokeConfigurationMethod(ConfigInvoker.java:385)
at org.testng.internal.ConfigInvoker.invokeConfigurations(ConfigInvoker.java:321)
at org.testng.internal.TestMethodWorker.invokeBeforeClassMethods(TestMethodWorker.java:176)
at org.testng.internal.TestMethodWorker.run(TestMethodWorker.java:122)
at java.base/java.util.ArrayList.forEach(ArrayList.java:1511)
at org.testng.TestRunner.privateRun(TestRunner.java:794)
at org.testng.TestRunner.run(TestRunner.java:596)
at org.testng.SuiteRunner.runTest(SuiteRunner.java:377)
at org.testng.SuiteRunner.access$000(SuiteRunner.java:28)
at org.testng.SuiteRunner$SuiteWorker.run(SuiteRunner.java:418)
at org.testng.internal.thread.ThreadUtil.lambda$execute$0(ThreadUtil.java:64)
at java.base/java.util.concurrent.FutureTask.run(FutureTask.java:264)
at java.base/java.util.concurrent.ThreadPoolExecutor.runWorker(ThreadPoolExecutor.java:1136)
at java.base/java.util.concurrent.ThreadPoolExecutor$Worker.run(ThreadPoolExecutor.java:635)
at java.base/java.lang.Thread.run(Thread.java:833)
Caused by: java.lang.ClassNotFoundException: org.openqa.selenium.virtualauthenticator.HasVirtualAuthenticator
at java.base/jdk.internal.loader.BuiltinClassLoader.loadClass(BuiltinClassLoader.java:641)
at java.base/jdk.internal.loader.ClassLoaders$AppClassLoader.loadClass(ClassLoaders.java:188)
at java.base/java.lang.ClassLoader.loadClass(ClassLoader.java:520)
... 41 more
]]>
    </error>
  </testcase> <!-- SetUp -->
  <system-out/>
  <testcase classname="com.qa.TestLayer.AccountPageTest" name="verifyAccountPageTitle" time="0.000">
    <skipped/>
  </testcase> <!-- verifyAccountPageTitle -->
  <system-out/>
  <testcase classname="com.qa.TestLayer.AccountPageTest" name="verifyAccountsectionList" time="0.000">
    <skipped/>
  </testcase> <!-- verifyAccountsectionList -->
  <system-out/>
  <testcase classname="com.qa.TestLayer.AccountPageTest" name="verifyAccountsearchbar" time="0.000">
    <skipped/>
  </testcase> <!-- verifyAccountsearchbar -->
  <system-out/>
  <testcase classname="com.qa.TestLayer.AccountPageTest" name="verifyAccountsearchIconExist" time="0.000">
    <skipped/>
  </testcase> <!-- verifyAccountsearchIconExist -->
  <system-out/>
  <testcase classname="com.qa.TestLayer.AccountPageTest" name="verifyAccountRighthandsideList" time="0.000">
    <skipped/>
  </testcase> <!-- verifyAccountRighthandsideList -->
  <system-out/>
  <testcase classname="com.qa.TestLayer.AccountPageTest" name="verifyAccountBarList" time="0.000">
    <skipped/>
  </testcase> <!-- verifyAccountBarList -->
  <system-out/>
  <testcase classname="com.qa.TestLayer.AccountPageTest" name="searchTest" time="0.000">
    <skipped/>
  </testcase> <!-- searchTest -->
  <system-out/>
  <testcase classname="com.qa.TestLayer.AccountPageTest" name="searchTest" time="0.000">
    <skipped/>
  </testcase> <!-- searchTest -->
  <system-out/>
  <testcase classname="com.qa.TestLayer.AccountPageTest" name="searchTest" time="0.000">
    <skipped/>
  </testcase> <!-- searchTest -->
  <system-out/>
  <testcase classname="com.qa.TestLayer.AccountPageTest" name="productresult" time="0.000">
    <skipped/>
  </testcase> <!-- productresult -->
  <system-out/>
  <testcase classname="com.qa.TestLayer.AccountPageTest" name="productresult" time="0.000">
    <skipped/>
  </testcase> <!-- productresult -->
  <system-out/>
  <testcase classname="com.qa.TestLayer.AccountPageTest" name="productresult" time="0.000">
    <skipped/>
  </testcase> <!-- productresult -->
  <system-out/>
</testsuite> <!-- com.qa.TestLayer.AccountPageTest -->
